
Showing logs for build [32mcb-kubecd-environment-pr-193-81-4k4bb-1[0m stage [32mfrom-build-pack[0m and container [32mstep-credential-initializer-8nlfs[0m
{"level":"warn","ts":1585984996.3662832,"logger":"fallback-logger","caller":"logging/config.go:69","msg":"Fetch GitHub commit ID from kodata failed: \"ref: refs/heads/0.8.0-**-support-backwards-incompats\" is not a valid GitHub commit ID"}
{"level":"info","ts":1585984996.3669848,"logger":"fallback-logger","caller":"creds-init/main.go:40","msg":"Credentials initialized."}

Showing logs for build [32mcb-kubecd-environment-pr-193-81-4k4bb-1[0m stage [32mfrom-build-pack[0m and container [32mstep-working-dir-initializer-j5lq6[0m
{"level":"warn","ts":1585984997.154009,"logger":"fallback-logger","caller":"logging/config.go:69","msg":"Fetch GitHub commit ID from kodata failed: open /var/run/ko/HEAD: no such file or directory"}
{"level":"info","ts":1585984997.1559103,"logger":"fallback-logger","caller":"bash/main.go:64","msg":"Successfully executed command \"sh -c mkdir -p /workspace/source\"; output "}

Showing logs for build [32mcb-kubecd-environment-pr-193-81-4k4bb-1[0m stage [32mfrom-build-pack[0m and container [32mstep-place-tools[0m

Showing logs for build [32mcb-kubecd-environment-pr-193-81-4k4bb-1[0m stage [32mfrom-build-pack[0m and container [32mstep-git-source-cb-kubecd-environment-pr-193-81-4k4bb-fddj5[0m
{"level":"warn","ts":1585985001.3352292,"logger":"fallback-logger","caller":"logging/config.go:69","msg":"Fetch GitHub commit ID from kodata failed: \"ref: refs/heads/0.8.0-**-support-backwards-incompats\" is not a valid GitHub commit ID"}
{"level":"info","ts":1585985002.405519,"logger":"fallback-logger","caller":"git/git.go:103","msg":"Successfully cloned https://github.com/cb-kubecd/environment-pr-193-81-boot-gke-staging.git @ master in path /workspace/source"}

Showing logs for build [32mcb-kubecd-environment-pr-193-81-4k4bb-1[0m stage [32mfrom-build-pack[0m and container [32mstep-git-merge[0m
Using SHAs from PULL_REFS=master:cd2fb97f2e8eb6aadd9c1d00ad675d469cf0d1a7,5:c6ff2e8e10c1f514f90c1465b949c1ae145a4afe
DEBUG: LC_ALL=C JX_LOG_LEVEL=error git fetch origin --unshallow c6ff2e8e10c1f514f90c1465b949c1ae145a4afe: cd2fb97f2e8eb6aadd9c1d00ad675d469cf0d1a7:
DEBUG: ran git fetch --unshallow origin c6ff2e8e10c1f514f90c1465b949c1ae145a4afe: cd2fb97f2e8eb6aadd9c1d00ad675d469cf0d1a7: in 
DEBUG: LC_ALL=C JX_LOG_LEVEL=error git branch
DEBUG: LC_ALL=C JX_LOG_LEVEL=error git checkout master
DEBUG: ran git checkout master in 
DEBUG: LC_ALL=C JX_LOG_LEVEL=error git reset --hard cd2fb97f2e8eb6aadd9c1d00ad675d469cf0d1a7
DEBUG: ran git reset --hard cd2fb97f2e8eb6aadd9c1d00ad675d469cf0d1a7 in 
DEBUG: JX_LOG_LEVEL=error LC_ALL=C git clean -fd .
DEBUG: ran clean --force -d . in 
DEBUG: LC_ALL=C JX_LOG_LEVEL=error git merge c6ff2e8e10c1f514f90c1465b949c1ae145a4afe
DEBUG: ran git merge c6ff2e8e10c1f514f90c1465b949c1ae145a4afe in 
DEBUG: LC_ALL=C JX_LOG_LEVEL=error git log --format=%H%x1f%an%x1f%ae%x1f%cn%x1f%ce%x1f%s%n%b%x1e cd2fb97f2e8eb6aadd9c1d00ad675d469cf0d1a7..HEAD
Merged SHA c6ff2e8e10c1f514f90c1465b949c1ae145a4afe with commit message 'chore: Promote bdd-sbrp-import-1585984772 to version 0.0.1' into base branch master

Showing logs for build [32mcb-kubecd-environment-pr-193-81-4k4bb-1[0m stage [32mfrom-build-pack[0m and container [32mstep-build-helm-build[0m
WARNING: No $CHART_REPOSITORY defined so using the default value of: http://jenkins-x-chartmuseum:8080
Adding missing Helm repo: storage.googleapis.com https://storage.googleapis.com/chartmuseum.jenkins-x.io
WARNING: No secrets found on "helm/repos" due: reading the secret "helm/repos" from vault: no secret "helm/repos" not found in vault
Read credentials for https://storage.googleapis.com/chartmuseum.jenkins-x.io from vault helm/repos
Successfully added Helm repository storage.googleapis.com.
Adding missing Helm repo: jenkins-x-chartmuseum http://jenkins-x-chartmuseum:8080
WARNING: No secrets found on "helm/repos" due: reading the secret "helm/repos" from vault: no secret "helm/repos" not found in vault
Read credentials for http://jenkins-x-chartmuseum:8080 from vault helm/repos
Successfully added Helm repository jenkins-x-chartmuseum.
WARNING: No $CHART_REPOSITORY defined so using the default value of: http://jenkins-x-chartmuseum:8080
Adding missing Helm repo: chartmuseum.jenkins-x.io http://chartmuseum.jenkins-x.io
WARNING: No secrets found on "helm/repos" due: reading the secret "helm/repos" from vault: no secret "helm/repos" not found in vault
Read credentials for http://chartmuseum.jenkins-x.io from vault helm/repos
Successfully added Helm repository chartmuseum.jenkins-x.io.
