
Showing logs for build [32mcb-kubecd-environment-pr-193-81-q92p5-1[0m stage [32mfrom-build-pack[0m and container [32mstep-credential-initializer-vmwpp[0m
{"level":"warn","ts":1585985585.008846,"logger":"fallback-logger","caller":"logging/config.go:69","msg":"Fetch GitHub commit ID from kodata failed: \"ref: refs/heads/0.8.0-**-support-backwards-incompats\" is not a valid GitHub commit ID"}
{"level":"info","ts":1585985585.009476,"logger":"fallback-logger","caller":"creds-init/main.go:40","msg":"Credentials initialized."}

Showing logs for build [32mcb-kubecd-environment-pr-193-81-q92p5-1[0m stage [32mfrom-build-pack[0m and container [32mstep-working-dir-initializer-jsxrd[0m
{"level":"warn","ts":1585985586.0281448,"logger":"fallback-logger","caller":"logging/config.go:69","msg":"Fetch GitHub commit ID from kodata failed: open /var/run/ko/HEAD: no such file or directory"}
{"level":"info","ts":1585985586.030316,"logger":"fallback-logger","caller":"bash/main.go:64","msg":"Successfully executed command \"sh -c mkdir -p /workspace/source\"; output "}

Showing logs for build [32mcb-kubecd-environment-pr-193-81-q92p5-1[0m stage [32mfrom-build-pack[0m and container [32mstep-place-tools[0m

Showing logs for build [32mcb-kubecd-environment-pr-193-81-q92p5-1[0m stage [32mfrom-build-pack[0m and container [32mstep-git-source-cb-kubecd-environment-pr-193-81-q92p5-bgtnd[0m
{"level":"warn","ts":1585985613.2637064,"logger":"fallback-logger","caller":"logging/config.go:69","msg":"Fetch GitHub commit ID from kodata failed: \"ref: refs/heads/0.8.0-**-support-backwards-incompats\" is not a valid GitHub commit ID"}
{"level":"info","ts":1585985614.3369162,"logger":"fallback-logger","caller":"git/git.go:103","msg":"Successfully cloned https://github.com/cb-kubecd/environment-pr-193-81-boot-gke-staging.git @ master in path /workspace/source"}

Showing logs for build [32mcb-kubecd-environment-pr-193-81-q92p5-1[0m stage [32mfrom-build-pack[0m and container [32mstep-git-merge[0m
Using SHAs from PULL_REFS=master:aa44e418ed1e27bc76e4ade2da31a9e5d9e83764,6:bab36d6ab5287c5c8f1a3f4573220d42654a7c7e
DEBUG: LC_ALL=C JX_LOG_LEVEL=error git fetch origin --unshallow bab36d6ab5287c5c8f1a3f4573220d42654a7c7e: aa44e418ed1e27bc76e4ade2da31a9e5d9e83764:
DEBUG: ran git fetch --unshallow origin bab36d6ab5287c5c8f1a3f4573220d42654a7c7e: aa44e418ed1e27bc76e4ade2da31a9e5d9e83764: in 
DEBUG: LC_ALL=C JX_LOG_LEVEL=error git branch
DEBUG: LC_ALL=C JX_LOG_LEVEL=error git checkout master
DEBUG: ran git checkout master in 
DEBUG: JX_LOG_LEVEL=error LC_ALL=C git reset --hard aa44e418ed1e27bc76e4ade2da31a9e5d9e83764
DEBUG: ran git reset --hard aa44e418ed1e27bc76e4ade2da31a9e5d9e83764 in 
DEBUG: LC_ALL=C JX_LOG_LEVEL=error git clean -fd .
DEBUG: ran clean --force -d . in 
DEBUG: LC_ALL=C JX_LOG_LEVEL=error git merge bab36d6ab5287c5c8f1a3f4573220d42654a7c7e
DEBUG: ran git merge bab36d6ab5287c5c8f1a3f4573220d42654a7c7e in 
DEBUG: LC_ALL=C JX_LOG_LEVEL=error git log --format=%H%x1f%an%x1f%ae%x1f%cn%x1f%ce%x1f%s%n%b%x1e aa44e418ed1e27bc76e4ade2da31a9e5d9e83764..HEAD
Merged SHA bab36d6ab5287c5c8f1a3f4573220d42654a7c7e with commit message 'chore: Promote bdd-sbhg-import-1585984772 to version 0.0.1' into base branch master

Showing logs for build [32mcb-kubecd-environment-pr-193-81-q92p5-1[0m stage [32mfrom-build-pack[0m and container [32mstep-build-helm-build[0m
WARNING: No $CHART_REPOSITORY defined so using the default value of: http://jenkins-x-chartmuseum:8080
Adding missing Helm repo: storage.googleapis.com https://storage.googleapis.com/chartmuseum.jenkins-x.io
WARNING: No secrets found on "helm/repos" due: reading the secret "helm/repos" from vault: no secret "helm/repos" not found in vault
Read credentials for https://storage.googleapis.com/chartmuseum.jenkins-x.io from vault helm/repos
Successfully added Helm repository storage.googleapis.com.
Adding missing Helm repo: jenkins-x-chartmuseum http://jenkins-x-chartmuseum:8080
WARNING: No secrets found on "helm/repos" due: reading the secret "helm/repos" from vault: no secret "helm/repos" not found in vault
Read credentials for http://jenkins-x-chartmuseum:8080 from vault helm/repos
Successfully added Helm repository jenkins-x-chartmuseum.
WARNING: No $CHART_REPOSITORY defined so using the default value of: http://jenkins-x-chartmuseum:8080
Adding missing Helm repo: chartmuseum.jenkins-x.io http://chartmuseum.jenkins-x.io
WARNING: No secrets found on "helm/repos" due: reading the secret "helm/repos" from vault: no secret "helm/repos" not found in vault
Read credentials for http://chartmuseum.jenkins-x.io from vault helm/repos
Successfully added Helm repository chartmuseum.jenkins-x.io.
