
Showing logs for build [32mcb-kubecd-environment-pr-193-81-trks9-1[0m stage [32mfrom-build-pack[0m and container [32mstep-credential-initializer-ssvk6[0m
{"level":"warn","ts":1585982903.0210366,"logger":"fallback-logger","caller":"logging/config.go:69","msg":"Fetch GitHub commit ID from kodata failed: \"ref: refs/heads/0.8.0-**-support-backwards-incompats\" is not a valid GitHub commit ID"}
{"level":"info","ts":1585982903.0216064,"logger":"fallback-logger","caller":"creds-init/main.go:40","msg":"Credentials initialized."}

Showing logs for build [32mcb-kubecd-environment-pr-193-81-trks9-1[0m stage [32mfrom-build-pack[0m and container [32mstep-working-dir-initializer-stx4d[0m
{"level":"warn","ts":1585982904.3566628,"logger":"fallback-logger","caller":"logging/config.go:69","msg":"Fetch GitHub commit ID from kodata failed: open /var/run/ko/HEAD: no such file or directory"}
{"level":"info","ts":1585982904.3582704,"logger":"fallback-logger","caller":"bash/main.go:64","msg":"Successfully executed command \"sh -c mkdir -p /workspace/source\"; output "}

Showing logs for build [32mcb-kubecd-environment-pr-193-81-trks9-1[0m stage [32mfrom-build-pack[0m and container [32mstep-place-tools[0m

Showing logs for build [32mcb-kubecd-environment-pr-193-81-trks9-1[0m stage [32mfrom-build-pack[0m and container [32mstep-git-source-cb-kubecd-environment-pr-193-81-trks9-d9thv[0m
{"level":"warn","ts":1585982909.52283,"logger":"fallback-logger","caller":"logging/config.go:69","msg":"Fetch GitHub commit ID from kodata failed: \"ref: refs/heads/0.8.0-**-support-backwards-incompats\" is not a valid GitHub commit ID"}
{"level":"info","ts":1585982910.548174,"logger":"fallback-logger","caller":"git/git.go:103","msg":"Successfully cloned https://github.com/cb-kubecd/environment-pr-193-81-boot-gke-staging.git @ master in path /workspace/source"}

Showing logs for build [32mcb-kubecd-environment-pr-193-81-trks9-1[0m stage [32mfrom-build-pack[0m and container [32mstep-git-merge[0m
Using SHAs from PULL_REFS=master:86e72cf488994f32b947164fdfa3a1fbe64e065a,2:7db83deb36b8d8a3c11cc6af784527f9d3ee4cc9
DEBUG: LC_ALL=C JX_LOG_LEVEL=error git fetch origin --unshallow 7db83deb36b8d8a3c11cc6af784527f9d3ee4cc9: 86e72cf488994f32b947164fdfa3a1fbe64e065a:
DEBUG: ran git fetch --unshallow origin 7db83deb36b8d8a3c11cc6af784527f9d3ee4cc9: 86e72cf488994f32b947164fdfa3a1fbe64e065a: in 
DEBUG: LC_ALL=C JX_LOG_LEVEL=error git branch
DEBUG: LC_ALL=C JX_LOG_LEVEL=error git checkout master
DEBUG: ran git checkout master in 
DEBUG: LC_ALL=C JX_LOG_LEVEL=error git reset --hard 86e72cf488994f32b947164fdfa3a1fbe64e065a
DEBUG: ran git reset --hard 86e72cf488994f32b947164fdfa3a1fbe64e065a in 
DEBUG: LC_ALL=C JX_LOG_LEVEL=error git clean -fd .
DEBUG: ran clean --force -d . in 
DEBUG: LC_ALL=C JX_LOG_LEVEL=error git merge 7db83deb36b8d8a3c11cc6af784527f9d3ee4cc9
DEBUG: ran git merge 7db83deb36b8d8a3c11cc6af784527f9d3ee4cc9 in 
DEBUG: LC_ALL=C JX_LOG_LEVEL=error git log --format=%H%x1f%an%x1f%ae%x1f%cn%x1f%ce%x1f%s%n%b%x1e 86e72cf488994f32b947164fdfa3a1fbe64e065a..HEAD
Merged SHA 7db83deb36b8d8a3c11cc6af784527f9d3ee4cc9 with commit message 'chore: Promote bdd-sbhg-1585982511 to version 0.0.1' into base branch master

Showing logs for build [32mcb-kubecd-environment-pr-193-81-trks9-1[0m stage [32mfrom-build-pack[0m and container [32mstep-build-helm-build[0m
WARNING: No $CHART_REPOSITORY defined so using the default value of: http://jenkins-x-chartmuseum:8080
Adding missing Helm repo: storage.googleapis.com https://storage.googleapis.com/chartmuseum.jenkins-x.io
WARNING: No secrets found on "helm/repos" due: reading the secret "helm/repos" from vault: no secret "helm/repos" not found in vault
Read credentials for https://storage.googleapis.com/chartmuseum.jenkins-x.io from vault helm/repos
Successfully added Helm repository storage.googleapis.com.
Adding missing Helm repo: jenkins-x-chartmuseum http://jenkins-x-chartmuseum:8080
WARNING: No secrets found on "helm/repos" due: reading the secret "helm/repos" from vault: no secret "helm/repos" not found in vault
Read credentials for http://jenkins-x-chartmuseum:8080 from vault helm/repos
Successfully added Helm repository jenkins-x-chartmuseum.
WARNING: No $CHART_REPOSITORY defined so using the default value of: http://jenkins-x-chartmuseum:8080
Adding missing Helm repo: chartmuseum.jenkins-x.io http://chartmuseum.jenkins-x.io
WARNING: No secrets found on "helm/repos" due: reading the secret "helm/repos" from vault: no secret "helm/repos" not found in vault
Read credentials for http://chartmuseum.jenkins-x.io from vault helm/repos
Successfully added Helm repository chartmuseum.jenkins-x.io.
